0 verbose cli [
0 verbose cli   'C:\\Program Files\\nodejs\\node.exe',
0 verbose cli   'C:\\Users\\Maymuna Islam Mim\\AppData\\Roaming\\npm\\node_modules\\npm\\bin\\npm-cli.js',
0 verbose cli   'install',
0 verbose cli   'cors'
0 verbose cli ]
1 info using npm@8.3.0
2 info using node@v14.17.6
3 timing npm:load:whichnode Completed in 0ms
4 timing config:load:defaults Completed in 2ms
5 timing config:load:file:C:\Users\Maymuna Islam Mim\AppData\Roaming\npm\node_modules\npm\npmrc Completed in 6ms
6 timing config:load:builtin Completed in 6ms
7 timing config:load:cli Completed in 2ms
8 timing config:load:env Completed in 16ms
9 timing config:load:file:C:\projects\my-second-node\.npmrc Completed in 1ms
10 timing config:load:project Completed in 11ms
11 timing config:load:file:C:\Users\Maymuna Islam Mim\.npmrc Completed in 0ms
12 timing config:load:user Completed in 1ms
13 timing config:load:file:C:\Users\Maymuna Islam Mim\AppData\Roaming\npm\etc\npmrc Completed in 0ms
14 timing config:load:global Completed in 0ms
15 timing config:load:validate Completed in 0ms
16 timing config:load:credentials Completed in 11ms
17 timing config:load:setEnvs Completed in 1ms
18 timing config:load Completed in 51ms
19 timing npm:load:configload Completed in 52ms
20 timing npm:load:setTitle Completed in 1ms
21 timing config:load:flatten Completed in 11ms
22 timing npm:load:display Completed in 13ms
23 verbose logfile C:\projects\my-second-node\_logs\2022-01-14T11_32_21_305Z-debug-0.log
24 timing npm:load:logFile Completed in 10ms
25 timing npm:load:timers Completed in 0ms
26 timing npm:load:configScope Completed in 0ms
27 timing npm:load Completed in 79ms
28 timing arborist:ctor Completed in 1ms
29 silly logfile start cleaning logs, removing 1 files
30 timing idealTree:init Completed in 171ms
31 timing idealTree:userRequests Completed in 4ms
32 silly idealTree buildDeps
33 silly fetch manifest cors@*
34 timing arborist:ctor Completed in 0ms
35 http fetch GET 200 https://registry.npmjs.org/cors 940ms (cache miss)
36 silly placeDep ROOT cors@2.8.5 OK for: my-second-node@1.0.0 want: *
37 silly fetch manifest object-assign@^4
38 http fetch GET 200 https://registry.npmjs.org/object-assign 120ms (cache miss)
39 timing idealTree:#root Completed in 1076ms
40 silly placeDep ROOT object-assign@4.1.1 OK for: cors@2.8.5 want: ^4
41 timing idealTree:node_modules/cors Completed in 3ms
42 timing idealTree:node_modules/object-assign Completed in 0ms
43 timing idealTree:buildDeps Completed in 1081ms
44 timing idealTree:fixDepFlags Completed in 2ms
45 timing idealTree Completed in 1262ms
46 timing reify:loadTrees Completed in 1264ms
47 timing reify:diffTrees Completed in 27ms
48 silly reify moves {}
49 timing reify:retireShallow Completed in 2ms
50 timing reify:createSparse Completed in 6ms
51 timing reify:loadBundles Completed in 0ms
52 silly audit bulk request {
52 silly audit   accepts: [ '1.3.7' ],
52 silly audit   'array-flatten': [ '1.1.1' ],
52 silly audit   'body-parser': [ '1.19.1' ],
52 silly audit   bytes: [ '3.1.1' ],
52 silly audit   'content-disposition': [ '0.5.4' ],
52 silly audit   'content-type': [ '1.0.4' ],
52 silly audit   cookie: [ '0.4.1' ],
52 silly audit   'cookie-signature': [ '1.0.6' ],
52 silly audit   debug: [ '2.6.9' ],
52 silly audit   depd: [ '1.1.2' ],
52 silly audit   destroy: [ '1.0.4' ],
52 silly audit   'ee-first': [ '1.1.1' ],
52 silly audit   encodeurl: [ '1.0.2' ],
52 silly audit   'escape-html': [ '1.0.3' ],
52 silly audit   etag: [ '1.8.1' ],
52 silly audit   express: [ '4.17.2' ],
52 silly audit   finalhandler: [ '1.1.2' ],
52 silly audit   forwarded: [ '0.2.0' ],
52 silly audit   fresh: [ '0.5.2' ],
52 silly audit   'http-errors': [ '1.8.1' ],
52 silly audit   'iconv-lite': [ '0.4.24' ],
52 silly audit   inherits: [ '2.0.4' ],
52 silly audit   'ipaddr.js': [ '1.9.1' ],
52 silly audit   'media-typer': [ '0.3.0' ],
52 silly audit   'merge-descriptors': [ '1.0.1' ],
52 silly audit   methods: [ '1.1.2' ],
52 silly audit   mime: [ '1.6.0' ],
52 silly audit   'mime-db': [ '1.51.0' ],
52 silly audit   'mime-types': [ '2.1.34' ],
52 silly audit   ms: [ '2.0.0', '2.1.3' ],
52 silly audit   negotiator: [ '0.6.2' ],
52 silly audit   'on-finished': [ '2.3.0' ],
52 silly audit   parseurl: [ '1.3.3' ],
52 silly audit   'path-to-regexp': [ '0.1.7' ],
52 silly audit   'proxy-addr': [ '2.0.7' ],
52 silly audit   qs: [ '6.9.6' ],
52 silly audit   'range-parser': [ '1.2.1' ],
52 silly audit   'raw-body': [ '2.4.2' ],
52 silly audit   'safe-buffer': [ '5.2.1' ],
52 silly audit   'safer-buffer': [ '2.1.2' ],
52 silly audit   send: [ '0.17.2' ],
52 silly audit   'serve-static': [ '1.14.2' ],
52 silly audit   setprototypeof: [ '1.2.0' ],
52 silly audit   statuses: [ '1.5.0' ],
52 silly audit   toidentifier: [ '1.0.1' ],
52 silly audit   'type-is': [ '1.6.18' ],
52 silly audit   unpipe: [ '1.0.0' ],
52 silly audit   'utils-merge': [ '1.0.1' ],
52 silly audit   vary: [ '1.1.2' ],
52 silly audit   cors: [ '2.8.5' ],
52 silly audit   'object-assign': [ '4.1.1' ]
52 silly audit }
53 silly tarball no local data for cors@https://registry.npmjs.org/cors/-/cors-2.8.5.tgz. Extracting by manifest.
54 silly tarball no local data for object-assign@https://registry.npmjs.org/object-assign/-/object-assign-4.1.1.tgz. Extracting by manifest.
55 http fetch POST 200 https://registry.npmjs.org/-/npm/v1/security/advisories/bulk 385ms
56 timing auditReport:getReport Completed in 388ms
57 silly audit report {}
58 timing auditReport:init Completed in 0ms
59 timing reify:audit Completed in 390ms
60 http fetch GET 200 https://registry.npmjs.org/object-assign/-/object-assign-4.1.1.tgz 337ms (cache miss)
61 timing reifyNode:node_modules/object-assign Completed in 376ms
62 http fetch GET 200 https://registry.npmjs.org/cors/-/cors-2.8.5.tgz 649ms (cache miss)
63 timing reifyNode:node_modules/cors Completed in 680ms
64 timing reify:unpack Completed in 681ms
65 timing reify:unretire Completed in 0ms
66 timing build:queue Completed in 19ms
67 timing build:deps Completed in 21ms
68 timing build Completed in 21ms
69 timing reify:build Completed in 21ms
70 timing reify:trash Completed in 0ms
71 timing reify:save Completed in 60ms
72 timing reify Completed in 2163ms
73 silly ADD node_modules/object-assign
74 silly ADD node_modules/cors
75 timing command:install Completed in 2181ms
76 verbose exit 0
77 timing npm Completed in 5894ms
78 info ok
